#
# There is insufficient memory for the Java Runtime Environment to continue.
# Native memory allocation (malloc) failed to allocate 1048576 bytes. Error detail: AllocateHeap
# Possible reasons:
#   The system is out of physical RAM or swap space
#   This process is running with CompressedOops enabled, and the Java Heap may be blocking the growth of the native heap
# Possible solutions:
#   Reduce memory load on the system
#   Increase physical memory or swap space
#   Check if swap backing store is full
#   Decrease Java heap size (-Xmx/-Xms)
#   Decrease number of Java threads
#   Decrease Java thread stack sizes (-Xss)
#   Set larger code cache with -XX:ReservedCodeCacheSize=
#   JVM is running with Unscaled Compressed Oops mode in which the Java heap is
#     placed in the first 4GB address space. The Java Heap base address is the
#     maximum limit for the native heap growth. Please use -XX:HeapBaseMinAddress
#     to set the Java Heap base and to place the Java Heap above 4GB virtual address.
# This output file may be truncated or incomplete.
#
#  Out of Memory Error (allocation.cpp:44), pid=7288, tid=4288
#
# JRE version: Java(TM) SE Runtime Environment (24.0.2+12) (build 24.0.2+12-54)
# Java VM: Java HotSpot(TM) 64-Bit Server VM (24.0.2+12-54, mixed mode, sharing, tiered, compressed oops, compressed class ptrs, parallel gc, windows-amd64)
# No core dump will be written. Minidumps are not enabled by default on client versions of Windows
#

---------------  S U M M A R Y ------------

Command Line: -Djdk.xml.maxGeneralEntitySizeLimit=0 -Djdk.xml.totalEntitySizeLimit=0 --add-modules=ALL-SYSTEM --add-opens=java.base/java.util=ALL-UNNAMED --add-opens=java.base/java.lang=ALL-UNNAMED --add-opens=java.base/sun.nio.fs=ALL-UNNAMED -Declipse.application=org.eclipse.jdt.ls.core.id1 -Dosgi.bundles.defaultStartLevel=4 -Declipse.product=org.eclipse.jdt.ls.core.product -Djava.import.generatesMetadataFilesAtProjectRoot=false -DDetectVMInstallationsJob.disabled=true -Dfile.encoding=utf8 -XX:+UseParallelGC -XX:GCTimeRatio=4 -XX:AdaptiveSizePolicyWeight=90 -Dsun.zip.disableMemoryMapping=true -Xmx2G -Xms100m -Xlog:disable -javaagent:c:\Users\Usuario\.vscode\extensions\redhat.java-1.47.0-win32-x64\lombok\lombok-1.18.39-4050.jar -XX:+HeapDumpOnOutOfMemoryError -XX:HeapDumpPath=c:\Users\Usuario\AppData\Roaming\Code\User\workspaceStorage\3e4a83553054fcc615e64ca278782225\redhat.java -Daether.dependencyCollector.impl=bf c:\Users\Usuario\.vscode\extensions\redhat.java-1.47.0-win32-x64\server\plugins\org.eclipse.equinox.launcher_1.7.100.v20251014-1222.jar -configuration c:\Users\Usuario\AppData\Roaming\Code\User\globalStorage\redhat.java\1.47.0\config_win -data c:\Users\Usuario\AppData\Roaming\Code\User\workspaceStorage\3e4a83553054fcc615e64ca278782225\redhat.java\jdt_ws --pipe=\\.\pipe\lsp-21d23e3f64316b4c7d3bc53ad138c0e8-sock

Host: AMD Ryzen 5 7520U with Radeon Graphics         , 8 cores, 5G,  Windows 11 , 64 bit Build 26100 (10.0.26100.6725)
Time: Sat Nov  8 21:33:12 2025 Hora est. Pacífico, Sudamérica elapsed time: 3685.116779 seconds (0d 1h 1m 25s)

---------------  T H R E A D  ---------------

Current thread (0x0000018b99ec74c0):  JavaThread "Attach Listener" daemon [_thread_in_vm, id=4288, stack(0x00000057d3000000,0x00000057d3100000) (1024K)]

Stack: [0x00000057d3000000,0x00000057d3100000]
Native frames: (J=compiled Java code, j=interpreted, Vv=VM code, C=native code)
V  [jvm.dll+0x730829]  (no source info available)
V  [jvm.dll+0x8d9da3]  (no source info available)
V  [jvm.dll+0x8dc28d]  (no source info available)
V  [jvm.dll+0x8dc903]  (no source info available)
V  [jvm.dll+0x2a9f56]  (no source info available)
V  [jvm.dll+0xbea27]  (no source info available)
V  [jvm.dll+0x73113f]  (no source info available)
V  [jvm.dll+0x14dd46]  (no source info available)
V  [jvm.dll+0x42f396]  (no source info available)
V  [jvm.dll+0x87d9eb]  (no source info available)
V  [jvm.dll+0x72ef45]  (no source info available)
C  [ucrtbase.dll+0x37b0]  (no source info available)
C  [KERNEL32.DLL+0x2e8d7]  (no source info available)
C  [ntdll.dll+0x8c53c]  (no source info available)

Lock stack of current Java thread (top to bottom):


---------------  P R O C E S S  ---------------

Threads class SMR info:
_java_thread_list=0x0000018becd46ef0, length=44, elements={
0x0000018bfdd3a720, 0x0000018b99ebe8e0, 0x0000018b99ec1510, 0x0000018b99ec4780,
0x0000018b99ec74c0, 0x0000018b99ec9e10, 0x0000018b99ecfaa0, 0x0000018b99ef0700,
0x0000018b99f091e0, 0x0000018bdcc3a770, 0x0000018be1015790, 0x0000018be16d3040,
0x0000018be16486e0, 0x0000018be1637020, 0x0000018be1638290, 0x0000018be1b1a7b0,
0x0000018be1b7df00, 0x0000018be1e9bd40, 0x0000018be1e9cbe0, 0x0000018be10d4890,
0x0000018be10d4140, 0x0000018be10d32a0, 0x0000018be10d39f0, 0x0000018be1e9b5f0,
0x0000018be1e9c490, 0x0000018be12c3320, 0x0000018be12c2480, 0x0000018be12c2bd0,
0x0000018be12c3a70, 0x0000018be12c1d30, 0x0000018be12c41c0, 0x0000018be12c4910,
0x0000018bed90e220, 0x0000018be416aa90, 0x0000018be416ddc0, 0x0000018be416e510,
0x0000018be416c7d0, 0x0000018be416a340, 0x0000018be416cf20, 0x0000018be12c5060,
0x0000018be10d1cb0, 0x0000018be10d2400, 0x0000018be10d1560, 0x0000018be12c15e0
}

Java Threads: ( => current thread )
  0x0000018bfdd3a720 JavaThread "main"                              [_thread_blocked, id=13996, stack(0x00000057d2900000,0x00000057d2a00000) (1024K)]
  0x0000018b99ebe8e0 JavaThread "Reference Handler"          daemon [_thread_blocked, id=13500, stack(0x00000057d2d00000,0x00000057d2e00000) (1024K)]
  0x0000018b99ec1510 JavaThread "Finalizer"                  daemon [_thread_blocked, id=2488, stack(0x00000057d2e00000,0x00000057d2f00000) (1024K)]
  0x0000018b99ec4780 JavaThread "Signal Dispatcher"          daemon [_thread_blocked, id=3676, stack(0x00000057d2f00000,0x00000057d3000000) (1024K)]
=>0x0000018b99ec74c0 JavaThread "Attach Listener"            daemon [_thread_in_vm, id=4288, stack(0x00000057d3000000,0x00000057d3100000) (1024K)]
  0x0000018b99ec9e10 JavaThread "Service Thread"             daemon [_thread_blocked, id=17948, stack(0x00000057d3100000,0x00000057d3200000) (1024K)]
  0x0000018b99ecfaa0 JavaThread "Monitor Deflation Thread"   daemon [_thread_blocked, id=17952, stack(0x00000057d3200000,0x00000057d3300000) (1024K)]
  0x0000018b99ef0700 JavaThread "C2 CompilerThread0"         daemon [_thread_blocked, id=17944, stack(0x00000057d3300000,0x00000057d3400000) (1024K)]
  0x0000018b99f091e0 JavaThread "C1 CompilerThread0"         daemon [_thread_blocked, id=17988, stack(0x00000057d3400000,0x00000057d3500000) (1024K)]
  0x0000018bdcc3a770 JavaThread "Common-Cleaner"             daemon [_thread_blocked, id=17964, stack(0x00000057d3600000,0x00000057d3700000) (1024K)]
  0x0000018be1015790 JavaThread "Notification Thread"        daemon [_thread_blocked, id=3496, stack(0x00000057d3700000,0x00000057d3800000) (1024K)]
  0x0000018be16d3040 JavaThread "Active Thread: Equinox Container: 04dddebb-8985-437a-a9d1-35c2e8ab2c0d"        [_thread_blocked, id=15460, stack(0x00000057d3b00000,0x00000057d3c00000) (1024K)]
  0x0000018be16486e0 JavaThread "Refresh Thread: Equinox Container: 04dddebb-8985-437a-a9d1-35c2e8ab2c0d" daemon [_thread_blocked, id=4376, stack(0x00000057d3500000,0x00000057d3600000) (1024K)]
  0x0000018be1637020 JavaThread "Framework Event Dispatcher: Equinox Container: 04dddebb-8985-437a-a9d1-35c2e8ab2c0d" daemon [_thread_blocked, id=1904, stack(0x00000057d3d00000,0x00000057d3e00000) (1024K)]
  0x0000018be1638290 JavaThread "Start Level: Equinox Container: 04dddebb-8985-437a-a9d1-35c2e8ab2c0d" daemon [_thread_blocked, id=9920, stack(0x00000057d3e00000,0x00000057d3f00000) (1024K)]
  0x0000018be1b1a7b0 JavaThread "Bundle File Closer"         daemon [_thread_blocked, id=16440, stack(0x00000057d4100000,0x00000057d4200000) (1024K)]
  0x0000018be1b7df00 JavaThread "SCR Component Actor"        daemon [_thread_blocked, id=18036, stack(0x00000057d4200000,0x00000057d4300000) (1024K)]
  0x0000018be1e9bd40 JavaThread "Worker-JM"                         [_thread_blocked, id=18092, stack(0x00000057d4400000,0x00000057d4500000) (1024K)]
  0x0000018be1e9cbe0 JavaThread "JNA Cleaner"                daemon [_thread_blocked, id=18116, stack(0x00000057d4600000,0x00000057d4700000) (1024K)]
  0x0000018be10d4890 JavaThread "Java indexing"              daemon [_thread_blocked, id=18368, stack(0x00000057d4a00000,0x00000057d4b00000) (1024K)]
  0x0000018be10d4140 JavaThread "Thread-1"                   daemon [_thread_in_native, id=15252, stack(0x00000057d5000000,0x00000057d5100000) (1024K)]
  0x0000018be10d32a0 JavaThread "Thread-2"                   daemon [_thread_in_native, id=11928, stack(0x00000057d5100000,0x00000057d5200000) (1024K)]
  0x0000018be10d39f0 JavaThread "Thread-3"                   daemon [_thread_in_native, id=10976, stack(0x00000057d5200000,0x00000057d5300000) (1024K)]
  0x0000018be1e9b5f0 JavaThread "Thread-4"                   daemon [_thread_in_native, id=18420, stack(0x00000057d5300000,0x00000057d5400000) (1024K)]
  0x0000018be1e9c490 JavaThread "Thread-5"                   daemon [_thread_in_native, id=18416, stack(0x00000057d5400000,0x00000057d5500000) (1024K)]
  0x0000018be12c3320 JavaThread "Thread-6"                   daemon [_thread_in_native, id=18424, stack(0x00000057d5500000,0x00000057d5600000) (1024K)]
  0x0000018be12c2480 JavaThread "Thread-7"                   daemon [_thread_in_native, id=11616, stack(0x00000057d5600000,0x00000057d5700000) (1024K)]
  0x0000018be12c2bd0 JavaThread "Thread-8"                   daemon [_thread_in_native, id=11452, stack(0x00000057d5700000,0x00000057d5800000) (1024K)]
  0x0000018be12c3a70 JavaThread "Thread-9"                   daemon [_thread_in_native, id=556, stack(0x00000057d5800000,0x00000057d5900000) (1024K)]
  0x0000018be12c1d30 JavaThread "pool-2-thread-1"                   [_thread_blocked, id=3636, stack(0x00000057d5900000,0x00000057d5a00000) (1024K)]
  0x0000018be12c41c0 JavaThread "WorkspaceEventsHandler"            [_thread_blocked, id=18408, stack(0x00000057d5a00000,0x00000057d5b00000) (1024K)]
  0x0000018be12c4910 JavaThread "pool-1-thread-1"                   [_thread_blocked, id=18404, stack(0x00000057d5b00000,0x00000057d5c00000) (1024K)]
  0x0000018bed90e220 JavaThread "Cleaner-0"                  daemon [_thread_blocked, id=2636, stack(0x00000057d2700000,0x00000057d2800000) (1024K)]
  0x0000018be416aa90 JavaThread "Java Debug Server"          daemon [_thread_in_native, id=12176, stack(0x00000057d4700000,0x00000057d4800000) (1024K)]
  0x0000018be416ddc0 JavaThread "RxSchedulerPurge-1"         daemon [_thread_blocked, id=20524, stack(0x00000057d4b00000,0x00000057d4c00000) (1024K)]
  0x0000018be416e510 JavaThread "RxCachedWorkerPoolEvictor-1" daemon [_thread_blocked, id=5604, stack(0x00000057d4d00000,0x00000057d4e00000) (1024K)]
  0x0000018be416c7d0 JavaThread "pool-11-thread-2"                  [_thread_in_native, id=6624, stack(0x00000057d4900000,0x00000057d4a00000) (1024K)]
  0x0000018be416a340 JavaThread "process reaper (pid 10000)" daemon [_thread_in_native, id=20732, stack(0x00000057d23c0000,0x00000057d23e0000) (128K)]
  0x0000018be416cf20 JavaThread "RxNewThreadScheduler-5"     daemon [_thread_blocked, id=21388, stack(0x00000057d4500000,0x00000057d4600000) (1024K)]
  0x0000018be12c5060 JavaThread "Worker-10"                         [_thread_blocked, id=19820, stack(0x00000057d4e00000,0x00000057d4f00000) (1024K)]
  0x0000018be10d1cb0 JavaThread "Worker-12"                         [_thread_blocked, id=15656, stack(0x00000057d2600000,0x00000057d2700000) (1024K)]
  0x0000018be10d2400 JavaThread "Worker-13"                         [_thread_blocked, id=6504, stack(0x00000057d2800000,0x00000057d2900000) (1024K)]
  0x0000018be10d1560 JavaThread "Worker-14"                         [_thread_blocked, id=20764, stack(0x00000057d4c00000,0x00000057d4d00000) (1024K)]
  0x0000018be12c15e0 JavaThread "Worker-15"                         [_thread_blocked, id=12764, stack(0x00000057d4f00000,0x00000057d5000000) (1024K)]
Total: 44

Other Threads:
  0x0000018b800fab60 VMThread "VM Thread"                           [id=6808, stack(0x00000057d2c00000,0x00000057d2d00000) (1024K)]
  0x0000018b99deca00 WatcherThread "VM Periodic Task Thread"        [id=3224, stack(0x00000057d2b00000,0x00000057d2c00000) (1024K)]
  0x0000018b8005e9a0 WorkerThread "GC Thread#0"                     [id=6640, stack(0x00000057d2a00000,0x00000057d2b00000) (1024K)]
  0x0000018be1679b20 WorkerThread "GC Thread#1"                     [id=668, stack(0x00000057d3800000,0x00000057d3900000) (1024K)]
  0x0000018be16ddcb0 WorkerThread "GC Thread#2"                     [id=4520, stack(0x00000057d3900000,0x00000057d3a00000) (1024K)]
  0x0000018be1679ed0 WorkerThread "GC Thread#3"                     [id=3260, stack(0x00000057d3a00000,0x00000057d3b00000) (1024K)]
  0x0000018be185f640 WorkerThread "GC Thread#4"                     [id=9148, stack(0x00000057d3c00000,0x00000057d3d00000) (1024K)]
  0x0000018be1bbe200 WorkerThread "GC Thread#5"                     [id=8232, stack(0x00000057d4000000,0x00000057d4100000) (1024K)]
  0x0000018be17ae3a0 WorkerThread "GC Thread#6"                     [id=18020, stack(0x00000057d4300000,0x00000057d4400000) (1024K)]
  0x0000018be1fcc640 WorkerThread "GC Thread#7"                     [id=18100, stack(0x00000057d3f00000,0x00000057d4000000) (1024K)]
Total: 10

Threads with active compile tasks:
Total: 0

VM state: not at safepoint (normal execution)

VM Mutex/Monitor currently owned by a thread: None

Heap address: 0x0000000080000000, size: 2048 MB, Compressed Oops mode: 32-bit

CDS archive(s) mapped at: [0x0000018b9a000000-0x0000018b9ad40000-0x0000018b9ad40000), size 13893632, SharedBaseAddress: 0x0000018b9a000000, ArchiveRelocationMode: 1.
Compressed class space mapped at: 0x0000018b9b000000-0x0000018bdb000000, reserved size: 1073741824
UseCompressedClassPointers 1, UseCompactObjectHeaders 0
Narrow klass pointer bits 32, Max shift 3
Narrow klass base: 0x0000018b9a000000, Narrow klass shift: 0
Encoding Range: [0x0000018b9a000000 - 0x0000018c9a000000), (4294967296 bytes)
Klass Range:    [0x0000018b9a000000 - 0x0000018bdb000000), (1090519040 bytes)
Klass ID Range:  [8 - 1090519033) (1090519025)

GC Precious Log:
 CardTable entry size: 512
 CPUs: 8 total, 8 available
 Memory: 5965M
 Large Page Support: Disabled
 NUMA Support: Disabled
 Compressed Oops: Enabled (32-bit)
 Alignments: Space 512K, Generation 512K, Heap 2M
 Heap Min Capacity: 100M
 Heap Initial Capacity: 100M
 Heap Max Capacity: 2G
 Pre-touch: Disabled
 Parallel Workers: 8

Heap:
 PSYoungGen      total 32768K, used 8595K [0x00000000d5580000, 0x00000000d8200000, 0x0000000100000000)
  eden space 31232K, 27% used [0x00000000d5580000,0x00000000d5de4c00,0x00000000d7400000)
  from space 1536K, 0% used [0x00000000d8080000,0x00000000d8080000,0x00000000d8200000)
  to   space 5120K, 0% used [0x00000000d7800000,0x00000000d7800000,0x00000000d7d00000)
 ParOldGen       total 250368K, used 121845K [0x0000000080000000, 0x000000008f480000, 0x00000000d5580000)
  object space 250368K, 48% used [0x0000000080000000,0x00000000876fd520,0x000000008f480000)
 Metaspace       used 83184K, committed 85440K, reserved 1179648K
  class space    used 7560K, committed 8448K, reserved 1048576K

Card table byte_map: [0x0000018bff970000,0x0000018bffd70000] _byte_map_base: 0x0000018bff570000

Marking Bits: (ParMarkBitMap*) 0x00007ffb016398d0
 Begin Bits: [0x0000018b97d10000, 0x0000018b99d10000)

Polling page: 0x0000018bfde40000

Metaspace:

Usage:
  Non-class:     73.85 MB used.
      Class:      7.38 MB used.
       Both:     81.23 MB used.

Virtual space:
  Non-class space:      128.00 MB reserved,      75.19 MB ( 59%) committed,  2 nodes.
      Class space:        1.00 GB reserved,       8.25 MB ( <1%) committed,  1 nodes.
             Both:        1.12 GB reserved,      83.44 MB (  7%) committed. 

Chunk freelists:
   Non-Class:  5.09 MB
       Class:  7.94 MB
        Both:  13.03 MB

MaxMetaspaceSize: unlimited
CompressedClassSpaceSize: 1.00 GB
Initial GC threshold: 21.00 MB
Current GC threshold: 139.06 MB
CDS: on
 - commit_granule_bytes: 65536.
 - commit_granule_words: 8192.
 - virtual_space_node_default_size: 8388608.
 - enlarge_chunks_in_place: 1.
UseCompressedClassPointers 1, UseCompactObjectHeaders 0
Narrow klass pointer bits 32, Max shift 3
Narrow klass base: 0x0000018b9a000000, Narrow klass shift: 0
Encoding Range: [0x0000018b9a000000 - 0x0000018c9a000000), (4294967296 bytes)
Klass Range:    [0x0000018b9a000000 - 0x0000018bdb000000), (1090519040 bytes)
Klass ID Range:  [8 - 1090519033) (1090519025)


Internal statistics:

num_allocs_failed_limit: 11.
num_arena_births: 1234.
num_arena_deaths: 266.
num_vsnodes_births: 3.
num_vsnodes_deaths: 0.
num_space_committed: 1337.
num_space_uncommitted: 1.
num_chunks_returned_to_freelist: 331.
num_chunks_taken_from_freelist: 5086.
num_chunk_merges: 87.
num_chunk_splits: 3092.
num_chunks_enlarged: 1771.
num_inconsistent_stats: 0.

CodeHeap 'non-profiled nmethods': size=120064Kb used=10161Kb max_used=10405Kb free=109902Kb
 bounds [0x0000018b90520000, 0x0000018b90f50000, 0x0000018b97a60000]
CodeHeap 'profiled nmethods': size=120000Kb used=34149Kb max_used=36152Kb free=85850Kb
 bounds [0x0000018b88a60000, 0x0000018b8adb0000, 0x0000018b8ff90000]
CodeHeap 'non-nmethods': size=5696Kb used=1547Kb max_used=1594Kb free=4148Kb
 bounds [0x0000018b8ff90000, 0x0000018b90200000, 0x0000018b90520000]
CodeCache: size=245760Kb, used=45857Kb, max_used=48151Kb, free=199900Kb
 total_blobs=17248, nmethods=16397, adapters=753, full_count=0
Compilation: enabled, stopped_count=0, restarted_count=0

Compilation events (20 events):
Event: 3531.750 Thread 0x0000018b99f091e0 18042       3       com.google.gson.stream.JsonWriter::endArray (9 bytes)
Event: 3531.751 Thread 0x0000018b99f091e0 nmethod 18042 0x0000018b88af7b88 code [0x0000018b88af7ca0, 0x0000018b88af7de8]
Event: 3531.762 Thread 0x0000018b99f091e0 18043       3       org.eclipse.core.internal.content.ContentType::getAliasTarget (20 bytes)
Event: 3531.762 Thread 0x0000018b99f091e0 nmethod 18043 0x0000018b88af9508 code [0x0000018b88af9620, 0x0000018b88af97c0]
Event: 3531.790 Thread 0x0000018b99f091e0 18044       3       org.eclipse.core.internal.dtree.NoDataDeltaNode::compareWithParent (48 bytes)
Event: 3531.791 Thread 0x0000018b99f091e0 nmethod 18044 0x0000018b88bebf08 code [0x0000018b88bec080, 0x0000018b88bec598]
Event: 3531.793 Thread 0x0000018b99ef0700 18045       4       org.eclipse.jdt.internal.core.JavaElement::getChildren (26 bytes)
Event: 3531.794 Thread 0x0000018b99f091e0 18046       1       org.eclipse.core.internal.jobs.InternalJob::getWaitQueueStamp (5 bytes)
Event: 3531.794 Thread 0x0000018b99f091e0 nmethod 18046 0x0000018b90740908 code [0x0000018b90740a00, 0x0000018b90740ac8]
Event: 3531.795 Thread 0x0000018b99f091e0 18047       3       org.eclipse.core.internal.preferences.PreferencesService::getDefaultLookupOrder (18 bytes)
Event: 3531.798 Thread 0x0000018b99ef0700 nmethod 18045 0x0000018b907fdb08 code [0x0000018b907fdc20, 0x0000018b907fdd28]
Event: 3531.826 Thread 0x0000018b99f091e0 nmethod 18047 0x0000018b88c61808 code [0x0000018b88c61b20, 0x0000018b88c63708]
Event: 3531.826 Thread 0x0000018b99f091e0 18049       3       com.google.gson.stream.JsonWriter::beginArray (12 bytes)
Event: 3531.828 Thread 0x0000018b99f091e0 nmethod 18049 0x0000018b88b52c88 code [0x0000018b88b52e00, 0x0000018b88b531f0]
Event: 3531.828 Thread 0x0000018b99f091e0 18048       3       org.eclipse.core.internal.preferences.PreferencesService::getRegistryKey (26 bytes)
Event: 3531.831 Thread 0x0000018b99f091e0 nmethod 18048 0x0000018b88b43b88 code [0x0000018b88b43ea0, 0x0000018b88b45b10]
Event: 3610.525 Thread 0x0000018b99ef0700 18050       4       java.lang.Thread::interrupted (7 bytes)
Event: 3610.550 Thread 0x0000018b99ef0700 nmethod 18050 0x0000018b9069bd88 code [0x0000018b9069be80, 0x0000018b9069bf38]
Event: 3622.526 Thread 0x0000018b99ef0700 18051       4       java.util.concurrent.ScheduledThreadPoolExecutor::canRunInCurrentRunState (61 bytes)
Event: 3622.536 Thread 0x0000018b99ef0700 nmethod 18051 0x0000018b90741288 code [0x0000018b90741380, 0x0000018b90741438]

GC Heap History (20 events):
Event: 3031.126 GC heap before
{Heap before GC invocations=99 (full 3):
 PSYoungGen      total 32768K, used 32449K [0x00000000d5580000, 0x00000000d7800000, 0x0000000100000000)
  eden space 31744K, 100% used [0x00000000d5580000,0x00000000d7480000,0x00000000d7480000)
  from space 1024K, 68% used [0x00000000d7480000,0x00000000d75305c0,0x00000000d7580000)
  to   space 1536K, 0% used [0x00000000d7680000,0x00000000d7680000,0x00000000d7800000)
 ParOldGen       total 230400K, used 230235K [0x0000000080000000, 0x000000008e100000, 0x00000000d5580000)
  object space 230400K, 99% used [0x0000000080000000,0x000000008e0d6ea0,0x000000008e100000)
 Metaspace       used 81931K, committed 83712K, reserved 1179648K
  class space    used 7503K, committed 8256K, reserved 1048576K
}
Event: 3031.217 GC heap after
{Heap after GC invocations=99 (full 3):
 PSYoungGen      total 33792K, used 708K [0x00000000d5580000, 0x00000000d7780000, 0x0000000100000000)
  eden space 32768K, 0% used [0x00000000d5580000,0x00000000d5580000,0x00000000d7580000)
  from space 1024K, 69% used [0x00000000d7680000,0x00000000d7731250,0x00000000d7780000)
  to   space 1024K, 0% used [0x00000000d7580000,0x00000000d7580000,0x00000000d7680000)
 ParOldGen       total 230912K, used 230581K [0x0000000080000000, 0x000000008e180000, 0x00000000d5580000)
  object space 230912K, 99% used [0x0000000080000000,0x000000008e12d430,0x000000008e180000)
 Metaspace       used 81931K, committed 83712K, reserved 1179648K
  class space    used 7503K, committed 8256K, reserved 1048576K
}
Event: 3075.606 GC heap before
{Heap before GC invocations=100 (full 3):
 PSYoungGen      total 33792K, used 33476K [0x00000000d5580000, 0x00000000d7780000, 0x0000000100000000)
  eden space 32768K, 100% used [0x00000000d5580000,0x00000000d7580000,0x00000000d7580000)
  from space 1024K, 69% used [0x00000000d7680000,0x00000000d7731250,0x00000000d7780000)
  to   space 1024K, 0% used [0x00000000d7580000,0x00000000d7580000,0x00000000d7680000)
 ParOldGen       total 230912K, used 230581K [0x0000000080000000, 0x000000008e180000, 0x00000000d5580000)
  object space 230912K, 99% used [0x0000000080000000,0x000000008e12d430,0x000000008e180000)
 Metaspace       used 82003K, committed 83776K, reserved 1179648K
  class space    used 7508K, committed 8256K, reserved 1048576K
}
Event: 3075.621 GC heap after
{Heap after GC invocations=100 (full 3):
 PSYoungGen      total 33280K, used 1012K [0x00000000d5580000, 0x00000000d7b00000, 0x0000000100000000)
  eden space 32256K, 0% used [0x00000000d5580000,0x00000000d5580000,0x00000000d7500000)
  from space 1024K, 98% used [0x00000000d7580000,0x00000000d767d260,0x00000000d7680000)
  to   space 3072K, 0% used [0x00000000d7800000,0x00000000d7800000,0x00000000d7b00000)
 ParOldGen       total 232448K, used 232120K [0x0000000080000000, 0x000000008e300000, 0x00000000d5580000)
  object space 232448K, 99% used [0x0000000080000000,0x000000008e2ae2c8,0x000000008e300000)
 Metaspace       used 82003K, committed 83776K, reserved 1179648K
  class space    used 7508K, committed 8256K, reserved 1048576K
}
Event: 3076.253 GC heap before
{Heap before GC invocations=101 (full 3):
 PSYoungGen      total 33280K, used 33268K [0x00000000d5580000, 0x00000000d7b00000, 0x0000000100000000)
  eden space 32256K, 100% used [0x00000000d5580000,0x00000000d7500000,0x00000000d7500000)
  from space 1024K, 98% used [0x00000000d7580000,0x00000000d767d260,0x00000000d7680000)
  to   space 3072K, 0% used [0x00000000d7800000,0x00000000d7800000,0x00000000d7b00000)
 ParOldGen       total 232448K, used 232120K [0x0000000080000000, 0x000000008e300000, 0x00000000d5580000)
  object space 232448K, 99% used [0x0000000080000000,0x000000008e2ae2c8,0x000000008e300000)
 Metaspace       used 82281K, committed 84032K, reserved 1179648K
  class space    used 7518K, committed 8256K, reserved 1048576K
}
Event: 3076.260 GC heap after
{Heap after GC invocations=101 (full 3):
 PSYoungGen      total 34304K, used 2182K [0x00000000d5580000, 0x00000000d7a80000, 0x0000000100000000)
  eden space 31744K, 0% used [0x00000000d5580000,0x00000000d5580000,0x00000000d7480000)
  from space 2560K, 85% used [0x00000000d7800000,0x00000000d7a21880,0x00000000d7a80000)
  to   space 2560K, 0% used [0x00000000d7580000,0x00000000d7580000,0x00000000d7800000)
 ParOldGen       total 233472K, used 233084K [0x0000000080000000, 0x000000008e400000, 0x00000000d5580000)
  object space 233472K, 99% used [0x0000000080000000,0x000000008e39f260,0x000000008e400000)
 Metaspace       used 82281K, committed 84032K, reserved 1179648K
  class space    used 7518K, committed 8256K, reserved 1048576K
}
Event: 3076.933 GC heap before
{Heap before GC invocations=102 (full 3):
 PSYoungGen      total 34304K, used 33926K [0x00000000d5580000, 0x00000000d7a80000, 0x0000000100000000)
  eden space 31744K, 100% used [0x00000000d5580000,0x00000000d7480000,0x00000000d7480000)
  from space 2560K, 85% used [0x00000000d7800000,0x00000000d7a21880,0x00000000d7a80000)
  to   space 2560K, 0% used [0x00000000d7580000,0x00000000d7580000,0x00000000d7800000)
 ParOldGen       total 233472K, used 233084K [0x0000000080000000, 0x000000008e400000, 0x00000000d5580000)
  object space 233472K, 99% used [0x0000000080000000,0x000000008e39f260,0x000000008e400000)
 Metaspace       used 83013K, committed 84800K, reserved 1179648K
  class space    used 7622K, committed 8384K, reserved 1048576K
}
Event: 3076.939 GC heap after
{Heap after GC invocations=102 (full 3):
 PSYoungGen      total 33792K, used 2478K [0x00000000d5580000, 0x00000000d7900000, 0x0000000100000000)
  eden space 31232K, 0% used [0x00000000d5580000,0x00000000d5580000,0x00000000d7400000)
  from space 2560K, 96% used [0x00000000d7580000,0x00000000d77ebb20,0x00000000d7800000)
  to   space 1024K, 0% used [0x00000000d7800000,0x00000000d7800000,0x00000000d7900000)
 ParOldGen       total 235008K, used 234960K [0x0000000080000000, 0x000000008e580000, 0x00000000d5580000)
  object space 235008K, 99% used [0x0000000080000000,0x000000008e574208,0x000000008e580000)
 Metaspace       used 83013K, committed 84800K, reserved 1179648K
  class space    used 7622K, committed 8384K, reserved 1048576K
}
Event: 3077.563 GC heap before
{Heap before GC invocations=103 (full 3):
 PSYoungGen      total 33792K, used 33710K [0x00000000d5580000, 0x00000000d7900000, 0x0000000100000000)
  eden space 31232K, 100% used [0x00000000d5580000,0x00000000d7400000,0x00000000d7400000)
  from space 2560K, 96% used [0x00000000d7580000,0x00000000d77ebb20,0x00000000d7800000)
  to   space 1024K, 0% used [0x00000000d7800000,0x00000000d7800000,0x00000000d7900000)
 ParOldGen       total 235008K, used 234960K [0x0000000080000000, 0x000000008e580000, 0x00000000d5580000)
  object space 235008K, 99% used [0x0000000080000000,0x000000008e574208,0x000000008e580000)
 Metaspace       used 83174K, committed 84992K, reserved 1179648K
  class space    used 7638K, committed 8448K, reserved 1048576K
}
Event: 3077.566 GC heap after
{Heap after GC invocations=103 (full 3):
 PSYoungGen      total 34304K, used 894K [0x00000000d5580000, 0x00000000d7900000, 0x0000000100000000)
  eden space 33280K, 0% used [0x00000000d5580000,0x00000000d5580000,0x00000000d7600000)
  from space 1024K, 87% used [0x00000000d7800000,0x00000000d78dfb10,0x00000000d7900000)
  to   space 1536K, 0% used [0x00000000d7600000,0x00000000d7600000,0x00000000d7780000)
 ParOldGen       total 237568K, used 237259K [0x0000000080000000, 0x000000008e800000, 0x00000000d5580000)
  object space 237568K, 99% used [0x0000000080000000,0x000000008e7b2c10,0x000000008e800000)
 Metaspace       used 83174K, committed 84992K, reserved 1179648K
  class space    used 7638K, committed 8448K, reserved 1048576K
}
Event: 3090.021 GC heap before
{Heap before GC invocations=104 (full 3):
 PSYoungGen      total 34304K, used 34174K [0x00000000d5580000, 0x00000000d7900000, 0x0000000100000000)
  eden space 33280K, 100% used [0x00000000d5580000,0x00000000d7600000,0x00000000d7600000)
  from space 1024K, 87% used [0x00000000d7800000,0x00000000d78dfb10,0x00000000d7900000)
  to   space 1536K, 0% used [0x00000000d7600000,0x00000000d7600000,0x00000000d7780000)
 ParOldGen       total 237568K, used 237259K [0x0000000080000000, 0x000000008e800000, 0x00000000d5580000)
  object space 237568K, 99% used [0x0000000080000000,0x000000008e7b2c10,0x000000008e800000)
 Metaspace       used 83318K, committed 85056K, reserved 1179648K
  class space    used 7640K, committed 8448K, reserved 1048576K
}
Event: 3090.025 GC heap after
{Heap after GC invocations=104 (full 3):
 PSYoungGen      total 34304K, used 1524K [0x00000000d5580000, 0x00000000d7a80000, 0x0000000100000000)
  eden space 32768K, 0% used [0x00000000d5580000,0x00000000d5580000,0x00000000d7580000)
  from space 1536K, 99% used [0x00000000d7600000,0x00000000d777d220,0x00000000d7780000)
  to   space 2560K, 0% used [0x00000000d7800000,0x00000000d7800000,0x00000000d7a80000)
 ParOldGen       total 238080K, used 237832K [0x0000000080000000, 0x000000008e880000, 0x00000000d5580000)
  object space 238080K, 99% used [0x0000000080000000,0x000000008e8420b8,0x000000008e880000)
 Metaspace       used 83318K, committed 85056K, reserved 1179648K
  class space    used 7640K, committed 8448K, reserved 1048576K
}
Event: 3112.969 GC heap before
{Heap before GC invocations=105 (full 3):
 PSYoungGen      total 34304K, used 34292K [0x00000000d5580000, 0x00000000d7a80000, 0x0000000100000000)
  eden space 32768K, 100% used [0x00000000d5580000,0x00000000d7580000,0x00000000d7580000)
  from space 1536K, 99% used [0x00000000d7600000,0x00000000d777d220,0x00000000d7780000)
  to   space 2560K, 0% used [0x00000000d7800000,0x00000000d7800000,0x00000000d7a80000)
 ParOldGen       total 238080K, used 237832K [0x0000000080000000, 0x000000008e880000, 0x00000000d5580000)
  object space 238080K, 99% used [0x0000000080000000,0x000000008e8420b8,0x000000008e880000)
 Metaspace       used 83464K, committed 85248K, reserved 1179648K
  class space    used 7640K, committed 8448K, reserved 1048576K
}
Event: 3112.989 GC heap after
{Heap after GC invocations=105 (full 3):
 PSYoungGen      total 33792K, used 1473K [0x00000000d5580000, 0x00000000d7980000, 0x0000000100000000)
  eden space 32256K, 0% used [0x00000000d5580000,0x00000000d5580000,0x00000000d7500000)
  from space 1536K, 95% used [0x00000000d7800000,0x00000000d79707b8,0x00000000d7980000)
  to   space 2048K, 0% used [0x00000000d7580000,0x00000000d7580000,0x00000000d7780000)
 ParOldGen       total 239616K, used 239313K [0x0000000080000000, 0x000000008ea00000, 0x00000000d5580000)
  object space 239616K, 99% used [0x0000000080000000,0x000000008e9b4500,0x000000008ea00000)
 Metaspace       used 83464K, committed 85248K, reserved 1179648K
  class space    used 7640K, committed 8448K, reserved 1048576K
}
Event: 3134.689 GC heap before
{Heap before GC invocations=106 (full 3):
 PSYoungGen      total 33792K, used 33729K [0x00000000d5580000, 0x00000000d7980000, 0x0000000100000000)
  eden space 32256K, 100% used [0x00000000d5580000,0x00000000d7500000,0x00000000d7500000)
  from space 1536K, 95% used [0x00000000d7800000,0x00000000d79707b8,0x00000000d7980000)
  to   space 2048K, 0% used [0x00000000d7580000,0x00000000d7580000,0x00000000d7780000)
 ParOldGen       total 239616K, used 239313K [0x0000000080000000, 0x000000008ea00000, 0x00000000d5580000)
  object space 239616K, 99% used [0x0000000080000000,0x000000008e9b4500,0x000000008ea00000)
 Metaspace       used 83530K, committed 85376K, reserved 1179648K
  class space    used 7640K, committed 8448K, reserved 1048576K
}
Event: 3134.699 GC heap after
{Heap after GC invocations=106 (full 3):
 PSYoungGen      total 33792K, used 2017K [0x00000000d5580000, 0x00000000d8c80000, 0x0000000100000000)
  eden space 31744K, 0% used [0x00000000d5580000,0x00000000d5580000,0x00000000d7480000)
  from space 2048K, 98% used [0x00000000d7580000,0x00000000d7778548,0x00000000d7780000)
  to   space 12288K, 0% used [0x00000000d8080000,0x00000000d8080000,0x00000000d8c80000)
 ParOldGen       total 248320K, used 247977K [0x0000000080000000, 0x000000008f280000, 0x00000000d5580000)
  object space 248320K, 99% used [0x0000000080000000,0x000000008f22a7a0,0x000000008f280000)
 Metaspace       used 83530K, committed 85376K, reserved 1179648K
  class space    used 7640K, committed 8448K, reserved 1048576K
}
Event: 3254.851 GC heap before
{Heap before GC invocations=107 (full 3):
 PSYoungGen      total 33792K, used 33761K [0x00000000d5580000, 0x00000000d8c80000, 0x0000000100000000)
  eden space 31744K, 100% used [0x00000000d5580000,0x00000000d7480000,0x00000000d7480000)
  from space 2048K, 98% used [0x00000000d7580000,0x00000000d7778548,0x00000000d7780000)
  to   space 12288K, 0% used [0x00000000d8080000,0x00000000d8080000,0x00000000d8c80000)
 ParOldGen       total 248320K, used 247977K [0x0000000080000000, 0x000000008f280000, 0x00000000d5580000)
  object space 248320K, 99% used [0x0000000080000000,0x000000008f22a7a0,0x000000008f280000)
 Metaspace       used 83678K, committed 85440K, reserved 1179648K
  class space    used 7647K, committed 8448K, reserved 1048576K
}
Event: 3254.919 GC heap after
{Heap after GC invocations=107 (full 3):
 PSYoungGen      total 32768K, used 1428K [0x00000000d5580000, 0x00000000d8200000, 0x0000000100000000)
  eden space 31232K, 0% used [0x00000000d5580000,0x00000000d5580000,0x00000000d7400000)
  from space 1536K, 93% used [0x00000000d8080000,0x00000000d81e5260,0x00000000d8200000)
  to   space 5120K, 0% used [0x00000000d7800000,0x00000000d7800000,0x00000000d7d00000)
 ParOldGen       total 250368K, used 250038K [0x0000000080000000, 0x000000008f480000, 0x00000000d5580000)
  object space 250368K, 99% used [0x0000000080000000,0x000000008f42da18,0x000000008f480000)
 Metaspace       used 83678K, committed 85440K, reserved 1179648K
  class space    used 7647K, committed 8448K, reserved 1048576K
}
Event: 3257.402 GC heap before
{Heap before GC invocations=108 (full 4):
 PSYoungGen      total 32768K, used 21413K [0x00000000d5580000, 0x00000000d8200000, 0x0000000100000000)
  eden space 31232K, 63% used [0x00000000d5580000,0x00000000d6904290,0x00000000d7400000)
  from space 1536K, 93% used [0x00000000d8080000,0x00000000d81e5260,0x00000000d8200000)
  to   space 5120K, 0% used [0x00000000d7800000,0x00000000d7800000,0x00000000d7d00000)
 ParOldGen       total 250368K, used 250038K [0x0000000080000000, 0x000000008f480000, 0x00000000d5580000)
  object space 250368K, 99% used [0x0000000080000000,0x000000008f42da18,0x000000008f480000)
 Metaspace       used 83749K, committed 85568K, reserved 1179648K
  class space    used 7647K, committed 8448K, reserved 1048576K
}
Event: 3260.539 GC heap after
{Heap after GC invocations=108 (full 4):
 PSYoungGen      total 32768K, used 0K [0x00000000d5580000, 0x00000000d8200000, 0x0000000100000000)
  eden space 31232K, 0% used [0x00000000d5580000,0x00000000d5580000,0x00000000d7400000)
  from space 1536K, 0% used [0x00000000d8080000,0x00000000d8080000,0x00000000d8200000)
  to   space 5120K, 0% used [0x00000000d7800000,0x00000000d7800000,0x00000000d7d00000)
 ParOldGen       total 250368K, used 121845K [0x0000000080000000, 0x000000008f480000, 0x00000000d5580000)
  object space 250368K, 48% used [0x0000000080000000,0x00000000876fd520,0x000000008f480000)
 Metaspace       used 83091K, committed 85440K, reserved 1179648K
  class space    used 7548K, committed 8448K, reserved 1048576K
}

Dll operation events (13 events):
Event: 0.029 Loaded shared library C:\Program Files\Java\jdk-24\bin\java.dll
Event: 0.111 Loaded shared library C:\Program Files\Java\jdk-24\bin\jsvml.dll
Event: 0.232 Loaded shared library C:\Program Files\Java\jdk-24\bin\zip.dll
Event: 0.239 Loaded shared library C:\Program Files\Java\jdk-24\bin\instrument.dll
Event: 0.246 Loaded shared library C:\Program Files\Java\jdk-24\bin\net.dll
Event: 0.249 Loaded shared library C:\Program Files\Java\jdk-24\bin\nio.dll
Event: 0.257 Loaded shared library C:\Program Files\Java\jdk-24\bin\zip.dll
Event: 0.290 Loaded shared library C:\Program Files\Java\jdk-24\bin\jimage.dll
Event: 0.441 Loaded shared library C:\Program Files\Java\jdk-24\bin\verify.dll
Event: 2.252 Loaded shared library C:\Users\Usuario\AppData\Roaming\Code\User\globalStorage\redhat.java\1.47.0\config_win\org.eclipse.equinox.launcher\org.eclipse.equinox.launcher.win32.win32.x86_64_1.2.1400.v20250801-0854\eclipse_11916.dll
Event: 4.907 Loaded shared library C:\Users\Usuario\AppData\Local\Temp\jna-1531808526\jna8425458062032413179.dll
Event: 9.895 Loaded shared library C:\Program Files\Java\jdk-24\bin\sunmscapi.dll
Event: 10.656 Loaded shared library C:\Program Files\Java\jdk-24\bin\extnet.dll

Deoptimization events (20 events):
Event: 3529.855 Thread 0x0000018be12c41c0 Uncommon trap: trap_request=0xffffff4d fr.pc=0x0000018b90c80270 relative=0x00000000000001b0
Event: 3529.855 Thread 0x0000018be12c41c0 Uncommon trap: reason=unstable_if action=reinterpret pc=0x0000018b90c80270 method=org.eclipse.core.internal.registry.ReferenceMap.get(I)Ljava/lang/Object; @ 32 c2
Event: 3529.855 Thread 0x0000018be12c41c0 DEOPT PACKING pc=0x0000018b90c80270 sp=0x00000057d5afecc0
Event: 3529.855 Thread 0x0000018be12c41c0 DEOPT UNPACKING pc=0x0000018b9009b602 sp=0x00000057d5afebd8 mode 2
Event: 3529.873 Thread 0x0000018be12c41c0 Uncommon trap: trap_request=0xfffffff4 fr.pc=0x0000018b9075719c relative=0x00000000000000fc
Event: 3529.873 Thread 0x0000018be12c41c0 Uncommon trap: reason=null_check action=make_not_entrant pc=0x0000018b9075719c method=java.lang.Class.reflectionData()Ljava/lang/Class$ReflectionData; @ 18 c2
Event: 3529.873 Thread 0x0000018be12c41c0 DEOPT PACKING pc=0x0000018b9075719c sp=0x00000057d5afe9f0
Event: 3529.873 Thread 0x0000018be12c41c0 DEOPT UNPACKING pc=0x0000018b9009b602 sp=0x00000057d5afe980 mode 2
Event: 3530.449 Thread 0x0000018be1e9aea0 Uncommon trap: trap_request=0xfffffff4 fr.pc=0x0000018b908bed40 relative=0x0000000000000180
Event: 3530.450 Thread 0x0000018be1e9aea0 Uncommon trap: reason=null_check action=make_not_entrant pc=0x0000018b908bed40 method=org.eclipse.jdt.internal.compiler.util.CharDeduplication.getThreadLocalInstance()Lorg/eclipse/jdt/internal/compiler/util/CharDeduplication; @ 12 c2
Event: 3530.450 Thread 0x0000018be1e9aea0 DEOPT PACKING pc=0x0000018b908bed40 sp=0x00000057d48fe810
Event: 3530.451 Thread 0x0000018be1e9aea0 DEOPT UNPACKING pc=0x0000018b9009b602 sp=0x00000057d48fe7b8 mode 2
Event: 3531.143 Thread 0x0000018be1e9aea0 Uncommon trap: trap_request=0xfffffff4 fr.pc=0x0000018b90b4cb14 relative=0x0000000000004634
Event: 3531.143 Thread 0x0000018be1e9aea0 Uncommon trap: reason=null_check action=make_not_entrant pc=0x0000018b90b4cb14 method=java.lang.invoke.LambdaFormEditor$Transform.get()Ljava/lang/invoke/LambdaForm; @ 29 c2
Event: 3531.144 Thread 0x0000018be1e9aea0 DEOPT PACKING pc=0x0000018b90b4cb14 sp=0x00000057d48fd6a0
Event: 3531.147 Thread 0x0000018be1e9aea0 DEOPT UNPACKING pc=0x0000018b9009b602 sp=0x00000057d48fd4b0 mode 2
Event: 3531.209 Thread 0x0000018be1e9aea0 Uncommon trap: trap_request=0xffffff4d fr.pc=0x0000018b90d0cea0 relative=0x0000000000000140
Event: 3531.209 Thread 0x0000018be1e9aea0 Uncommon trap: reason=unstable_if action=reinterpret pc=0x0000018b90d0cea0 method=org.codehaus.plexus.util.SelectorUtils.match([C[CZ)Z @ 166 c2
Event: 3531.209 Thread 0x0000018be1e9aea0 DEOPT PACKING pc=0x0000018b90d0cea0 sp=0x00000057d48fda50
Event: 3531.209 Thread 0x0000018be1e9aea0 DEOPT UNPACKING pc=0x0000018b9009b602 sp=0x00000057d48fd998 mode 2

Classes loaded (20 events):
Event: 2388.789 Loading class java/util/Timer
Event: 2388.790 Loading class java/util/Timer done
Event: 2388.790 Loading class java/util/TaskQueue
Event: 2388.791 Loading class java/util/TaskQueue done
Event: 2388.791 Loading class java/util/TimerThread
Event: 2388.792 Loading class java/util/TimerThread done
Event: 2388.793 Loading class java/util/Timer$ThreadReaper
Event: 2388.793 Loading class java/util/Timer$ThreadReaper done
Event: 2388.803 Loading class java/util/concurrent/CompletableFuture$UniWhenComplete
Event: 2388.804 Loading class java/util/concurrent/CompletableFuture$UniWhenComplete done
Event: 2388.805 Loading class java/util/concurrent/CompletableFuture$UniCompose
Event: 2388.806 Loading class java/util/concurrent/CompletableFuture$UniCompose done
Event: 2388.806 Loading class java/util/concurrent/CompletableFuture$UniRelay
Event: 2388.807 Loading class java/util/concurrent/CompletableFuture$UniRelay done
Event: 2391.300 Loading class java/lang/ProcessHandleImpl$ExitCompletion
Event: 2391.318 Loading class java/lang/ProcessHandleImpl$ExitCompletion done
Event: 2391.319 Loading class java/lang/ProcessHandleImpl$1
Event: 2391.319 Loading class java/lang/ProcessHandleImpl$1 done
Event: 2391.321 Loading class java/util/concurrent/CompletableFuture$UniHandle
Event: 2391.321 Loading class java/util/concurrent/CompletableFuture$UniHandle done

Classes unloaded (20 events):
Event: 3258.002 Thread 0x0000018b800fab60 Unloading class 0x0000018b9b014800 'java/lang/invoke/LambdaForm$MH+0x0000018b9b014800'
Event: 3258.003 Thread 0x0000018b800fab60 Unloading class 0x0000018b9b00d800 'java/lang/invoke/LambdaForm$MH+0x0000018b9b00d800'
Event: 3258.003 Thread 0x0000018b800fab60 Unloading class 0x0000018b9b00d400 'java/lang/invoke/LambdaForm$MH+0x0000018b9b00d400'
Event: 3258.003 Thread 0x0000018b800fab60 Unloading class 0x0000018b9b00d000 'java/lang/invoke/LambdaForm$MH+0x0000018b9b00d000'
Event: 3258.003 Thread 0x0000018b800fab60 Unloading class 0x0000018b9b00cc00 'java/lang/invoke/LambdaForm$MH+0x0000018b9b00cc00'
Event: 3258.003 Thread 0x0000018b800fab60 Unloading class 0x0000018b9b00c800 'java/lang/invoke/LambdaForm$BMH+0x0000018b9b00c800'
Event: 3258.004 Thread 0x0000018b800fab60 Unloading class 0x0000018b9b00c000 'java/lang/invoke/LambdaForm$DMH+0x0000018b9b00c000'
Event: 3258.004 Thread 0x0000018b800fab60 Unloading class 0x0000018b9b008c00 'java/lang/invoke/LambdaForm$MH+0x0000018b9b008c00'
Event: 3258.005 Thread 0x0000018b800fab60 Unloading class 0x0000018b9b008800 'java/lang/invoke/LambdaForm$MH+0x0000018b9b008800'
Event: 3258.005 Thread 0x0000018b800fab60 Unloading class 0x0000018b9b008400 'java/lang/invoke/LambdaForm$MH+0x0000018b9b008400'
Event: 3258.005 Thread 0x0000018b800fab60 Unloading class 0x0000018b9b007000 'java/lang/invoke/LambdaForm$MH+0x0000018b9b007000'
Event: 3258.006 Thread 0x0000018b800fab60 Unloading class 0x0000018b9b006800 'java/lang/invoke/LambdaForm$MH+0x0000018b9b006800'
Event: 3258.006 Thread 0x0000018b800fab60 Unloading class 0x0000018b9b006000 'java/lang/invoke/LambdaForm$MH+0x0000018b9b006000'
Event: 3258.007 Thread 0x0000018b800fab60 Unloading class 0x0000018b9b005c00 'java/lang/invoke/LambdaForm$MH+0x0000018b9b005c00'
Event: 3258.007 Thread 0x0000018b800fab60 Unloading class 0x0000018b9b005800 'java/lang/invoke/LambdaForm$BMH+0x0000018b9b005800'
Event: 3258.007 Thread 0x0000018b800fab60 Unloading class 0x0000018b9b004800 'java/lang/invoke/LambdaForm$DMH+0x0000018b9b004800'
Event: 3258.007 Thread 0x0000018b800fab60 Unloading class 0x0000018b9b002800 'java/lang/invoke/LambdaForm$MH+0x0000018b9b002800'
Event: 3258.007 Thread 0x0000018b800fab60 Unloading class 0x0000018b9b002400 'java/lang/invoke/LambdaForm$MH+0x0000018b9b002400'
Event: 3258.007 Thread 0x0000018b800fab60 Unloading class 0x0000018b9b002000 'java/lang/invoke/LambdaForm$MH+0x0000018b9b002000'
Event: 3258.007 Thread 0x0000018b800fab60 Unloading class 0x0000018b9b001800 'java/lang/invoke/LambdaForm$MH+0x0000018b9b001800'

Classes redefined (0 events):
No events

Internal exceptions (20 events):
Event: 3244.412 Thread 0x0000018be12c6da0 Exception <a 'java/lang/NullPointerException'{0x00000000d5c40260}> (0x00000000d5c40260) 
thrown [s\open\src\hotspot\share\interpreter\linkResolver.cpp, line 1417]
Event: 3244.412 Thread 0x0000018be12c6da0 Exception <a 'java/lang/NullPointerException'{0x00000000d5c40a10}> (0x00000000d5c40a10) 
thrown [s\open\src\hotspot\share\interpreter\linkResolver.cpp, line 1417]
Event: 3244.412 Thread 0x0000018be12c6da0 Exception <a 'java/lang/NullPointerException'{0x00000000d5c41180}> (0x00000000d5c41180) 
thrown [s\open\src\hotspot\share\interpreter\linkResolver.cpp, line 1417]
Event: 3244.749 Thread 0x0000018be12c6650 Exception <a 'java/lang/NullPointerException'{0x00000000d655e1a8}> (0x00000000d655e1a8) 
thrown [s\open\src\hotspot\share\interpreter\linkResolver.cpp, line 1417]
Event: 3244.758 Thread 0x0000018be12c6650 Exception <a 'java/lang/NullPointerException'{0x00000000d655f108}> (0x00000000d655f108) 
thrown [s\open\src\hotspot\share\interpreter\linkResolver.cpp, line 1417]
Event: 3244.758 Thread 0x0000018be12c6650 Exception <a 'java/lang/NullPointerException'{0x00000000d655ff40}> (0x00000000d655ff40) 
thrown [s\open\src\hotspot\share\interpreter\linkResolver.cpp, line 1417]
Event: 3244.758 Thread 0x0000018be12c6650 Exception <a 'java/lang/NullPointerException'{0x00000000d6560db8}> (0x00000000d6560db8) 
thrown [s\open\src\hotspot\share\interpreter\linkResolver.cpp, line 1417]
Event: 3244.760 Thread 0x0000018be12c6650 Exception <a 'java/lang/NullPointerException'{0x00000000d65628d8}> (0x00000000d65628d8) 
thrown [s\open\src\hotspot\share\interpreter\linkResolver.cpp, line 1417]
Event: 3244.761 Thread 0x0000018be12c6650 Exception <a 'java/lang/NullPointerException'{0x00000000d6563b50}> (0x00000000d6563b50) 
thrown [s\open\src\hotspot\share\interpreter\linkResolver.cpp, line 1417]
Event: 3244.761 Thread 0x0000018be12c6650 Exception <a 'java/lang/NullPointerException'{0x00000000d6564300}> (0x00000000d6564300) 
thrown [s\open\src\hotspot\share\interpreter\linkResolver.cpp, line 1417]
Event: 3244.761 Thread 0x0000018be12c6650 Exception <a 'java/lang/NullPointerException'{0x00000000d6564a70}> (0x00000000d6564a70) 
thrown [s\open\src\hotspot\share\interpreter\linkResolver.cpp, line 1417]
Event: 3254.220 Thread 0x0000018be12c4910 Exception <a 'java/lang/NullPointerException'{0x00000000d6a8ff28}> (0x00000000d6a8ff28) 
thrown [s\open\src\hotspot\share\interpreter\linkResolver.cpp, line 1417]
Event: 3254.605 Thread 0x0000018be12c6650 Exception <a 'java/lang/NullPointerException'{0x00000000d6f6e760}> (0x00000000d6f6e760) 
thrown [s\open\src\hotspot\share\interpreter\linkResolver.cpp, line 1417]
Event: 3254.955 Thread 0x0000018be12c74f0 Exception <a 'java/lang/NullPointerException'{0x00000000d5801620}> (0x00000000d5801620) 
thrown [s\open\src\hotspot\share\interpreter\linkResolver.cpp, line 1417]
Event: 3256.638 Thread 0x0000018be12c5060 Exception <a 'java/lang/NullPointerException'{0x00000000d5f59590}> (0x00000000d5f59590) 
thrown [s\open\src\hotspot\share\interpreter\linkResolver.cpp, line 1417]
Event: 3257.023 Thread 0x0000018be12c5060 Exception <a 'java/lang/NullPointerException'{0x00000000d653b258}> (0x00000000d653b258) 
thrown [s\open\src\hotspot\share\interpreter\linkResolver.cpp, line 1417]
Event: 3529.873 Thread 0x0000018be12c41c0 Implicit null exception at 0x0000018b907570de to 0x0000018b90757185
Event: 3530.449 Thread 0x0000018be1e9aea0 Implicit null exception at 0x0000018b908bec46 to 0x0000018b908bed34
Event: 3530.858 Thread 0x0000018be1e9aea0 Exception <a 'java/lang/NoSuchMethodError'{0x00000000d5926708}: 'int java.lang.invoke.DirectMethodHandle$Holder.invokeStatic(java.lang.Object, java.lang.Object, java.lang.Object, java.lang.Object, java.lang.Object, java.lang.Object)'> (0x00000000d5926708) 
thrown [s\open\src\hotspot\share\interpreter\linkResolver.cpp, line 805]
Event: 3531.142 Thread 0x0000018be1e9aea0 Implicit null exception at 0x0000018b90b49469 to 0x0000018b90b4cad8

VM Operations (20 events):
Event: 3394.799 Executing VM operation: HandshakeAllThreads (HandshakeForDeflation)
Event: 3394.803 Executing VM operation: HandshakeAllThreads (HandshakeForDeflation) done
Event: 3394.803 Executing VM operation: RendezvousGCThreads
Event: 3394.803 Executing VM operation: RendezvousGCThreads done
Event: 3454.908 Executing VM operation: HandshakeAllThreads (HandshakeForDeflation)
Event: 3454.910 Executing VM operation: HandshakeAllThreads (HandshakeForDeflation) done
Event: 3454.910 Executing VM operation: RendezvousGCThreads
Event: 3454.910 Executing VM operation: RendezvousGCThreads done
Event: 3515.051 Executing VM operation: HandshakeAllThreads (HandshakeForDeflation)
Event: 3515.051 Executing VM operation: HandshakeAllThreads (HandshakeForDeflation) done
Event: 3515.051 Executing VM operation: RendezvousGCThreads
Event: 3515.051 Executing VM operation: RendezvousGCThreads done
Event: 3575.182 Executing VM operation: HandshakeAllThreads (HandshakeForDeflation)
Event: 3575.185 Executing VM operation: HandshakeAllThreads (HandshakeForDeflation) done
Event: 3575.185 Executing VM operation: RendezvousGCThreads
Event: 3575.185 Executing VM operation: RendezvousGCThreads done
Event: 3635.382 Executing VM operation: HandshakeAllThreads (HandshakeForDeflation)
Event: 3635.385 Executing VM operation: HandshakeAllThreads (HandshakeForDeflation) done
Event: 3635.385 Executing VM operation: RendezvousGCThreads
Event: 3635.385 Executing VM operation: RendezvousGCThreads done

Memory protections (0 events):
No events

Nmethod flushes (20 events):
Event: 3259.834 Thread 0x0000018b800fab60 flushing  nmethod 0x0000018b8976c188
Event: 3259.834 Thread 0x0000018b800fab60 flushing  nmethod 0x0000018b89797e88
Event: 3259.834 Thread 0x0000018b800fab60 flushing  nmethod 0x0000018b897a9e08
Event: 3259.834 Thread 0x0000018b800fab60 flushing  nmethod 0x0000018b897ad188
Event: 3259.834 Thread 0x0000018b800fab60 flushing  nmethod 0x0000018b897ad588
Event: 3259.834 Thread 0x0000018b800fab60 flushing  nmethod 0x0000018b897bdf08
Event: 3259.834 Thread 0x0000018b800fab60 flushing  nmethod 0x0000018b897c0888
Event: 3259.835 Thread 0x0000018b800fab60 flushing  nmethod 0x0000018b897c2808
Event: 3259.835 Thread 0x0000018b800fab60 flushing  nmethod 0x0000018b897c6808
Event: 3259.836 Thread 0x0000018b800fab60 flushing  nmethod 0x0000018b897cba08
Event: 3259.836 Thread 0x0000018b800fab60 flushing  nmethod 0x0000018b897cc608
Event: 3259.836 Thread 0x0000018b800fab60 flushing  nmethod 0x0000018b897e6b08
Event: 3259.837 Thread 0x0000018b800fab60 flushing  nmethod 0x0000018b89fe1908
Event: 3259.837 Thread 0x0000018b800fab60 flushing  nmethod 0x0000018b89fe2388
Event: 3259.838 Thread 0x0000018b800fab60 flushing  nmethod 0x0000018b89fed988
Event: 3259.838 Thread 0x0000018b800fab60 flushing  nmethod 0x0000018b89fedd08
Event: 3259.838 Thread 0x0000018b800fab60 flushing  nmethod 0x0000018b8a40db88
Event: 3259.838 Thread 0x0000018b800fab60 flushing  nmethod 0x0000018b8a42d488
Event: 3259.838 Thread 0x0000018b800fab60 flushing  nmethod 0x0000018b8a42fc08
Event: 3259.838 Thread 0x0000018b800fab60 flushing  nmethod 0x0000018b8a4c6988

Events (20 events):
Event: 3243.712 Thread 0x0000018be12c6da0 Thread added: 0x0000018be12c6650
Event: 3253.848 Thread 0x0000018be12c4910 Thread added: 0x0000018be12c5060
Event: 3254.489 Thread 0x0000018be12c4910 Thread added: 0x0000018be12c74f0
Event: 3254.502 Thread 0x0000018be12c4910 Thread added: 0x0000018be12c7c40
Event: 3254.512 Thread 0x0000018be12c6650 Thread added: 0x0000018be12c8ae0
Event: 3254.524 Thread 0x0000018be12c7c40 Thread added: 0x0000018be10d1cb0
Event: 3271.262 Thread 0x0000018be12c8390 Thread added: 0x0000018be10d1560
Event: 3324.832 Thread 0x0000018be12c74f0 Thread exited: 0x0000018be12c74f0
Event: 3324.852 Thread 0x0000018be12c6da0 Thread exited: 0x0000018be12c6da0
Event: 3324.884 Thread 0x0000018be12c6650 Thread exited: 0x0000018be12c6650
Event: 3324.910 Thread 0x0000018be10d1cb0 Thread exited: 0x0000018be10d1cb0
Event: 3324.935 Thread 0x0000018be12c8ae0 Thread exited: 0x0000018be12c8ae0
Event: 3324.959 Thread 0x0000018be12c7c40 Thread exited: 0x0000018be12c7c40
Event: 3511.312 Thread 0x0000018be10d1560 Thread exited: 0x0000018be10d1560
Event: 3511.322 Thread 0x0000018be12c8390 Thread exited: 0x0000018be12c8390
Event: 3529.743 Thread 0x0000018be12c41c0 Thread added: 0x0000018be10d1cb0
Event: 3529.750 Thread 0x0000018be1e9aea0 Thread added: 0x0000018be10d2400
Event: 3531.749 Thread 0x0000018be1e9aea0 Thread added: 0x0000018be10d1560
Event: 3531.798 Thread 0x0000018be10d1560 Thread added: 0x0000018be12c15e0
Event: 3591.853 Thread 0x0000018be1e9aea0 Thread exited: 0x0000018be1e9aea0


Dynamic libraries:
0x00007ff73ea40000 - 0x00007ff73ea50000 	C:\Program Files\Java\jdk-24\bin\java.exe
0x00007ffbcec80000 - 0x00007ffbceee8000 	C:\WINDOWS\SYSTEM32\ntdll.dll
0x00007ffbcd5c0000 - 0x00007ffbcd689000 	C:\WINDOWS\System32\KERNEL32.DLL
0x00007ffbcc5c0000 - 0x00007ffbcc9b2000 	C:\WINDOWS\System32\KERNELBASE.dll
0x00007ffbcbee0000 - 0x00007ffbcc02b000 	C:\WINDOWS\System32\ucrtbase.dll
0x00007ffbbd310000 - 0x00007ffbbd32b000 	C:\Program Files\Java\jdk-24\bin\VCRUNTIME140.dll
0x00007ffbc6a60000 - 0x00007ffbc6a76000 	C:\Program Files\Java\jdk-24\bin\jli.dll
0x00007ffbccee0000 - 0x00007ffbcd0a5000 	C:\WINDOWS\System32\USER32.dll
0x00007ffbcbeb0000 - 0x00007ffbcbed7000 	C:\WINDOWS\System32\win32u.dll
0x00007ffbb73c0000 - 0x00007ffbb7653000 	C:\WINDOWS\WinSxS\amd64_microsoft.windows.common-controls_6595b64144ccf1df_6.0.26100.6899_none_3e0efeeae32e88c1\COMCTL32.dll
0x00007ffbce290000 - 0x00007ffbce2bb000 	C:\WINDOWS\System32\GDI32.dll
0x00007ffbcd490000 - 0x00007ffbcd539000 	C:\WINDOWS\System32\msvcrt.dll
0x00007ffbcc3d0000 - 0x00007ffbcc4fd000 	C:\WINDOWS\System32\gdi32full.dll
0x00007ffbcc320000 - 0x00007ffbcc3c3000 	C:\WINDOWS\System32\msvcp_win.dll
0x00007ffbcda80000 - 0x00007ffbcdaaf000 	C:\WINDOWS\System32\IMM32.DLL
0x00007ffbc68a0000 - 0x00007ffbc68ac000 	C:\Program Files\Java\jdk-24\bin\vcruntime140_1.dll
0x00007ffb80c90000 - 0x00007ffb80d1e000 	C:\Program Files\Java\jdk-24\bin\msvcp140.dll
0x00007ffb00970000 - 0x00007ffb01711000 	C:\Program Files\Java\jdk-24\bin\server\jvm.dll
0x00007ffbceb80000 - 0x00007ffbcec34000 	C:\WINDOWS\System32\ADVAPI32.dll
0x00007ffbcd690000 - 0x00007ffbcd736000 	C:\WINDOWS\System32\sechost.dll
0x00007ffbcd120000 - 0x00007ffbcd238000 	C:\WINDOWS\System32\RPCRT4.dll
0x00007ffbce210000 - 0x00007ffbce284000 	C:\WINDOWS\System32\WS2_32.dll
0x00007ffbcbc70000 - 0x00007ffbcbcce000 	C:\WINDOWS\SYSTEM32\POWRPROF.dll
0x00007ffbbffe0000 - 0x00007ffbbffeb000 	C:\WINDOWS\SYSTEM32\VERSION.dll
0x00007ffbc0510000 - 0x00007ffbc0545000 	C:\WINDOWS\SYSTEM32\WINMM.dll
0x00007ffbcbc50000 - 0x00007ffbcbc64000 	C:\WINDOWS\SYSTEM32\UMPDC.dll
0x00007ffbcaba0000 - 0x00007ffbcabbb000 	C:\WINDOWS\SYSTEM32\kernel.appcore.dll
0x00007ffbbd2a0000 - 0x00007ffbbd2aa000 	C:\Program Files\Java\jdk-24\bin\jimage.dll
0x00007ffbc9590000 - 0x00007ffbc97d2000 	C:\WINDOWS\SYSTEM32\DBGHELP.DLL
0x00007ffbccad0000 - 0x00007ffbcce4b000 	C:\WINDOWS\System32\combase.dll
0x00007ffbceaa0000 - 0x00007ffbceb77000 	C:\WINDOWS\System32\OLEAUT32.dll
0x00007ffbb5e60000 - 0x00007ffbb5e9c000 	C:\WINDOWS\SYSTEM32\dbgcore.DLL
0x00007ffbcbe10000 - 0x00007ffbcbea8000 	C:\WINDOWS\System32\bcryptPrimitives.dll
0x00007ffbbcd30000 - 0x00007ffbbcd3f000 	C:\Program Files\Java\jdk-24\bin\instrument.dll
0x00007ffbbc310000 - 0x00007ffbbc32e000 	C:\Program Files\Java\jdk-24\bin\java.dll
0x00007ffbce900000 - 0x00007ffbcea98000 	C:\WINDOWS\System32\ole32.dll
0x00007ffbcdac0000 - 0x00007ffbce20d000 	C:\WINDOWS\System32\SHELL32.dll
0x00007ffbcc030000 - 0x00007ffbcc19b000 	C:\WINDOWS\System32\wintypes.dll
0x00007ffbc9a20000 - 0x00007ffbca27d000 	C:\WINDOWS\SYSTEM32\windows.storage.dll
0x00007ffbcd300000 - 0x00007ffbcd3f2000 	C:\WINDOWS\System32\SHCORE.dll
0x00007ffbcd0b0000 - 0x00007ffbcd112000 	C:\WINDOWS\System32\shlwapi.dll
0x00007ffbcbd30000 - 0x00007ffbcbd59000 	C:\WINDOWS\SYSTEM32\profapi.dll
0x00007ffb7ff50000 - 0x00007ffb80027000 	C:\Program Files\Java\jdk-24\bin\jsvml.dll
0x00007ffbb9b90000 - 0x00007ffbb9ba7000 	C:\Program Files\Java\jdk-24\bin\zip.dll
0x00007ffbbcd20000 - 0x00007ffbbcd30000 	C:\Program Files\Java\jdk-24\bin\net.dll
0x00007ffbcb0f0000 - 0x00007ffbcb15b000 	C:\WINDOWS\system32\mswsock.dll
0x00007ffbb4460000 - 0x00007ffbb4476000 	C:\Program Files\Java\jdk-24\bin\nio.dll
0x00007ffbb69a0000 - 0x00007ffbb69b0000 	C:\Program Files\Java\jdk-24\bin\verify.dll
0x00007ffb80df0000 - 0x00007ffb80e34000 	C:\Users\Usuario\AppData\Roaming\Code\User\globalStorage\redhat.java\1.47.0\config_win\org.eclipse.equinox.launcher\org.eclipse.equinox.launcher.win32.win32.x86_64_1.2.1400.v20250801-0854\eclipse_11916.dll
0x00007ffbcb4d0000 - 0x00007ffbcb4eb000 	C:\WINDOWS\SYSTEM32\CRYPTSP.dll
0x00007ffbcab00000 - 0x00007ffbcab3b000 	C:\WINDOWS\system32\rsaenh.dll
0x00007ffbcb190000 - 0x00007ffbcb1bb000 	C:\WINDOWS\SYSTEM32\USERENV.dll
0x00007ffbcbd00000 - 0x00007ffbcbd26000 	C:\WINDOWS\SYSTEM32\bcrypt.dll
0x00007ffbcb4b0000 - 0x00007ffbcb4bc000 	C:\WINDOWS\SYSTEM32\CRYPTBASE.dll
0x00007ffbca5f0000 - 0x00007ffbca624000 	C:\WINDOWS\SYSTEM32\IPHLPAPI.DLL
0x00007ffbcce50000 - 0x00007ffbcce5a000 	C:\WINDOWS\System32\NSI.dll
0x00007ffb80120000 - 0x00007ffb80169000 	C:\Users\Usuario\AppData\Local\Temp\jna-1531808526\jna8425458062032413179.dll
0x00007ffbce8f0000 - 0x00007ffbce8f8000 	C:\WINDOWS\System32\PSAPI.DLL
0x00007ffbc5280000 - 0x00007ffbc539f000 	C:\WINDOWS\SYSTEM32\winhttp.dll
0x00007ffbc6070000 - 0x00007ffbc608e000 	C:\WINDOWS\SYSTEM32\dhcpcsvc6.DLL
0x00007ffbc6040000 - 0x00007ffbc6063000 	C:\WINDOWS\SYSTEM32\dhcpcsvc.DLL
0x00007ffbb4500000 - 0x00007ffbb450e000 	C:\Program Files\Java\jdk-24\bin\sunmscapi.dll
0x00007ffbcc1a0000 - 0x00007ffbcc317000 	C:\WINDOWS\System32\CRYPT32.dll
0x00007ffbcb620000 - 0x00007ffbcb650000 	C:\WINDOWS\SYSTEM32\ncrypt.dll
0x00007ffbcb5d0000 - 0x00007ffbcb60f000 	C:\WINDOWS\SYSTEM32\NTASN1.dll
0x00007ffbca690000 - 0x00007ffbca7b6000 	C:\WINDOWS\SYSTEM32\DNSAPI.dll
0x00007ffbc02a0000 - 0x00007ffbc02ab000 	C:\Windows\System32\rasadhlp.dll
0x00007ffbc6400000 - 0x00007ffbc6486000 	C:\WINDOWS\System32\fwpuclnt.dll
0x00007ffbb4450000 - 0x00007ffbb4459000 	C:\Program Files\Java\jdk-24\bin\extnet.dll
0x00007ffbcacc0000 - 0x00007ffbcacf6000 	C:\WINDOWS\SYSTEM32\ntmarta.dll

JVMTI agents:
c:\Users\Usuario\.vscode\extensions\redhat.java-1.47.0-win32-x64\lombok\lombok-1.18.39-4050.jar path:C:\Program Files\Java\jdk-24\bin\instrument.dll, loaded, initialized, instrumentlib options:none

dbghelp: loaded successfully - version: 4.0.5 - missing functions: none
symbol engine: initialized successfully - sym options: 0x614 - pdb path: .;C:\Program Files\Java\jdk-24\bin;C:\WINDOWS\SYSTEM32;C:\WINDOWS\WinSxS\amd64_microsoft.windows.common-controls_6595b64144ccf1df_6.0.26100.6899_none_3e0efeeae32e88c1;C:\Program Files\Java\jdk-24\bin\server;C:\Users\Usuario\AppData\Roaming\Code\User\globalStorage\redhat.java\1.47.0\config_win\org.eclipse.equinox.launcher\org.eclipse.equinox.launcher.win32.win32.x86_64_1.2.1400.v20250801-0854;C:\Users\Usuario\AppData\Local\Temp\jna-1531808526

VM Arguments:
jvm_args: -Djdk.xml.maxGeneralEntitySizeLimit=0 -Djdk.xml.totalEntitySizeLimit=0 --add-modules=ALL-SYSTEM --add-opens=java.base/java.util=ALL-UNNAMED --add-opens=java.base/java.lang=ALL-UNNAMED --add-opens=java.base/sun.nio.fs=ALL-UNNAMED -Declipse.application=org.eclipse.jdt.ls.core.id1 -Dosgi.bundles.defaultStartLevel=4 -Declipse.product=org.eclipse.jdt.ls.core.product -Djava.import.generatesMetadataFilesAtProjectRoot=false -DDetectVMInstallationsJob.disabled=true -Dfile.encoding=utf8 -XX:+UseParallelGC -XX:GCTimeRatio=4 -XX:AdaptiveSizePolicyWeight=90 -Dsun.zip.disableMemoryMapping=true -Xmx2G -Xms100m -Xlog:disable -javaagent:c:\Users\Usuario\.vscode\extensions\redhat.java-1.47.0-win32-x64\lombok\lombok-1.18.39-4050.jar -XX:+HeapDumpOnOutOfMemoryError -XX:HeapDumpPath=c:\Users\Usuario\AppData\Roaming\Code\User\workspaceStorage\3e4a83553054fcc615e64ca278782225\redhat.java -Daether.dependencyCollector.impl=bf 
java_command: c:\Users\Usuario\.vscode\extensions\redhat.java-1.47.0-win32-x64\server\plugins\org.eclipse.equinox.launcher_1.7.100.v20251014-1222.jar -configuration c:\Users\Usuario\AppData\Roaming\Code\User\globalStorage\redhat.java\1.47.0\config_win -data c:\Users\Usuario\AppData\Roaming\Code\User\workspaceStorage\3e4a83553054fcc615e64ca278782225\redhat.java\jdt_ws --pipe=\\.\pipe\lsp-21d23e3f64316b4c7d3bc53ad138c0e8-sock
java_class_path (initial): c:\Users\Usuario\.vscode\extensions\redhat.java-1.47.0-win32-x64\server\plugins\org.eclipse.equinox.launcher_1.7.100.v20251014-1222.jar
Launcher Type: SUN_STANDARD

[Global flags]
     uint AdaptiveSizePolicyWeight                 = 90                                        {product} {command line}
     intx CICompilerCount                          = 4                                         {product} {ergonomic}
     uint GCTimeRatio                              = 4                                         {product} {command line}
     bool HeapDumpOnOutOfMemoryError               = true                                   {manageable} {command line}
    ccstr HeapDumpPath                             = c:\Users\Usuario\AppData\Roaming\Code\User\workspaceStorage\3e4a83553054fcc615e64ca278782225\redhat.java         {manageable} {command line}
   size_t InitialHeapSize                          = 104857600                                 {product} {command line}
   size_t MaxHeapSize                              = 2147483648                                {product} {command line}
   size_t MaxNewSize                               = 715653120                                 {product} {ergonomic}
   size_t MinHeapDeltaBytes                        = 524288                                    {product} {ergonomic}
   size_t MinHeapSize                              = 104857600                                 {product} {command line}
   size_t NewSize                                  = 34603008                                  {product} {ergonomic}
    uintx NonNMethodCodeHeapSize                   = 5832704                                {pd product} {ergonomic}
    uintx NonProfiledCodeHeapSize                  = 122945536                              {pd product} {ergonomic}
    uintx ProfiledCodeHeapSize                     = 122880000                              {pd product} {ergonomic}
    uintx ReservedCodeCacheSize                    = 251658240                              {pd product} {ergonomic}
     bool SegmentedCodeCache                       = true                                      {product} {ergonomic}
   size_t SoftMaxHeapSize                          = 2147483648                             {manageable} {ergonomic}
     bool UseCompressedOops                        = true                           {product lp64_product} {ergonomic}
     bool UseLargePagesIndividualAllocation        = false                                  {pd product} {ergonomic}
     bool UseParallelGC                            = true                                      {product} {command line}

Logging:
Log output configuration:
 #0: stdout all=off uptime,level,tags foldmultilines=false
 #1: stderr all=off uptime,level,tags foldmultilines=false

Environment Variables:
PATH=C:\Program Files\Eclipse Adoptium\jdk-17.0.16.8-hotspot\bin;C:\Program Files\Common Files\Oracle\Java\javapath;C:\WINDOWS\system32;C:\WINDOWS;C:\WINDOWS\System32\Wbem;C:\WINDOWS\System32\WindowsPowerShell\v1.0\;C:\WINDOWS\System32\OpenSSH\;C:\Program Files\nodejs\;C:\Program Files\Git\cmd;C:\Program Files\MySQL\MySQL Shell 8.0\bin\;C:\Users\Usuario\AppData\Local\Programs\Python\Python313\Scripts\;C:\Users\Usuario\AppData\Local\Programs\Python\Python313\;C:\Users\Usuario\AppData\Local\Microsoft\WindowsApps;C:\Users\Usuario\AppData\Local\Programs\Microsoft VS Code\bin;C:\Users\Usuario\AppData\Roaming\npm;C:\Program Files\MongoDB\Server\8.0\bin;C:\Users\Usuario\AppData\Local\Programs\mongosh\;C:\Users\Usuario\AppData\Local\Android\Sdk\cmdline-tools\latest\bin;C:\Users\Usuario\Flutter\flutter\bin;C:\Users\Usuario\Downloads\Maven\apache-maven-3.9.11\bin;
USERNAME=Usuario
OS=Windows_NT
PROCESSOR_IDENTIFIER=AMD64 Family 23 Model 160 Stepping 0, AuthenticAMD
TMP=C:\Users\Usuario\AppData\Local\Temp
TEMP=C:\Users\Usuario\AppData\Local\Temp




Periodic native trim disabled

---------------  S Y S T E M  ---------------

OS:
 Windows 11 , 64 bit Build 26100 (10.0.26100.6725)
OS uptime: 0 days 1:42 hours
Hyper-V role detected

CPU: total 8 (initial active 8) (8 cores per cpu, 2 threads per core) family 23 model 160 stepping 0 microcode 0x8a00006, cx8, cmov, fxsr, ht, mmx, 3dnowpref, sse, sse2, sse3, ssse3, sse4a, sse4.1, sse4.2, popcnt, lzcnt, tsc, tscinvbit, avx, avx2, aes, clmul, bmi1, bmi2, adx, sha, fma, vzeroupper, clflush, clflushopt, hv, rdtscp, rdpid, f16c
Processor Information for the first 8 processors :
  Max Mhz: 2801, Current Mhz: 2801, Mhz Limit: 2801

Memory: 4k page, system-wide physical 5965M (1045M free)
TotalPageFile size 24397M (AvailPageFile size 11M)
current process WorkingSet (physical memory assigned to process): 9M, peak: 405M
current process commit charge ("private bytes"): 593M, peak: 604M

vm_info: Java HotSpot(TM) 64-Bit Server VM (24.0.2+12-54) for windows-amd64 JRE (24.0.2+12-54), built on 2025-07-08T12:10:27Z with MS VC++ 17.6 (VS2022)

END.
